
T3C68740 000:000 SEGGER J-Link V4.80e Log File (0000ms, 0000ms total)
T3C68740 000:000 DLL Compiled: Jan 31 2014 18:14:04 (0000ms, 0000ms total)
T3C68740 000:000 Logging started @ 2014-04-08 17:26 (0000ms, 0000ms total)
T3C68740 000:000 JLINK_SetWarnOutHandler(...) (0001ms, 0001ms total)
T3C68740 000:001 JLINK_SelectUSB(Port = 0)  returns 0x00 (0000ms, 0001ms total)
T3C68740 000:001 JLINK_OpenEx(...)
Firmware: J-Link ARM V8 compiled Nov 25 2013 19:20:08
Hardware: V8.00
S/N: 268000624
OEM: SEGGER-EDU
Feature(s): FlashBP, GDB  returns O.K. (0318ms, 0319ms total)
T3C68740 000:319 JLINK_SetErrorOutHandler(...) (0000ms, 0319ms total)
T3C68740 000:319 JLINK_EnableLog(...) (0000ms, 0319ms total)
T3C68740 000:319 JLINK_SetInitRegsOnReset(OFF)  returns 0x01 (0000ms, 0319ms total)
T3C68740 000:319 JLINK_GetDLLVersion()  returns 48005 (0000ms, 0319ms total)
T3C68740 000:319 JLINK_GetCompileDateTime() (0000ms, 0319ms total)
T3C68740 000:319 JLINK_GetFirmwareString(...) (0000ms, 0319ms total)
T3C68740 000:319 JLINK_GetHardwareVersion()  returns 0x13880 (0000ms, 0319ms total)
T3C68740 000:319 JLINK_EMU_HasCapEx(0x00000026)  returns 0x00 (0000ms, 0319ms total)
T3C68740 000:319 JLINK_EMU_GetProductId() (0000ms, 0319ms total)
T3C68740 000:319 JLINK_GetHardwareVersion()  returns 0x13880 (0000ms, 0319ms total)
T3C68740 000:319 JLINK_GetFirmwareString(...) (0000ms, 0319ms total)
T3C68740 000:319 JLINK_GetEmuCaps()  returns 0xB9FF7BBF (0000ms, 0319ms total)
T3C68740 000:319 JLINK_GetEmuCaps()  returns 0xB9FF7BBF (0000ms, 0319ms total)
T3C68740 000:319 JLINK_GetHWStatus(...)  returns 0x00 (0001ms, 0320ms total)
T3C68740 000:320 JLINK_SetSpeed(100) (0000ms, 0320ms total)
T3C68740 000:320 JLINK_GetEmuCaps()  returns 0xB9FF7BBF (0000ms, 0320ms total)
T3C68740 000:320 JLINK_TIF_GetAvailable(...) (0001ms, 0321ms total)
T3C68740 000:321 JLINK_Connect() >0x2F8 JTAG>TotalIRLen = 4, IRPrint = 0x01 >0x30 JTAG> >0x210 JTAG> >0x70 JTAG> >0x40 JTAG> >0x40 JTAG> >0x40 JTAG> >0x48 JTAG> >0x78 JTAG> >0x40 JTAG> >0x30 JTAG> >0x40 JTAG> >0x40 JTAG> >0x30 JTAG> >0x40 JTAG> >0x48 JTAG>Found Cortex-M3 r2p0, Little endian. -- CPU_WriteMem(4 bytes @ 0xE0002000) -- CPU_ReadMem(4 bytes @ 0xE000EDF0) -- CPU_ReadMem(4 bytes @ 0xE0002000)FPUnit: 6 code (BP) slots and 2 literal slots -- CPU_ReadMem(4 bytes @ 0xE000EDFC)
 -- CPU_ReadMem(4 bytes @ 0xE0001000) -- CPU_WriteMem(4 bytes @ 0xE0001000) -- CPU_ReadMem(4 bytes @ 0xE00FF010)TPIU fitted. -- CPU_ReadMem(4 bytes @ 0xE00FF014) -- CPU_ReadMem(4 bytes @ 0xE00FF018)  returns 0x00 (0078ms, 0399ms total)
T3C68740 000:399 JLINK_GetIdData(...) ScanLen=4 NumDevices=1 aId[0]=0x4BA00477 aIrRead[0]=0 aScanLen[0]=0 aScanRead[0]=0 (0000ms, 0399ms total)
T3C68740 000:399 JLINK_JTAG_GetDeviceID(DeviceIndex = 0)  returns 0x4BA00477 (0000ms, 0399ms total)
T3C68740 000:399 JLINK_JTAG_GetDeviceInfo(DeviceIndex = 0)  returns 0x00 (0000ms, 0399ms total)
T3C68740 000:399 JLINK_GetDeviceFamily()  returns 3 (0000ms, 0399ms total)
T3C68740 000:399 JLINK_GetDeviceFamily()  returns 3 (0000ms, 0399ms total)
T3C68740 000:399 JLINK_GetDeviceFamily()  returns 3 (0000ms, 0399ms total)
T3C68740 000:399 JLINK_GetDeviceFamily()  returns 3 (0000ms, 0399ms total)
T3C68740 000:399 JLINK_SetSpeed(100) (0000ms, 0399ms total)
T3C68740 000:399 JLINK_GetHWStatus(...)  returns 0x00 (0001ms, 0400ms total)
T3C68740 000:400 JLINK_GetSpeedInfo() 48000000 Hz / n, n >= 4 (0000ms, 0400ms total)
T3C68740 000:400 JLINK_MeasureRTCKReactTime() (0000ms, 0400ms total)
T3C68740 000:400 JLINK_GetSpeed()  returns 0x64 (0000ms, 0400ms total)
